mode: set
github.com/Alaxay8/routeflux/internal/store/atomic.go:12.52,14.16 2 1
github.com/Alaxay8/routeflux/internal/store/atomic.go:14.16,16.3 1 0
github.com/Alaxay8/routeflux/internal/store/atomic.go:18.2,19.43 2 1
github.com/Alaxay8/routeflux/internal/store/atomic.go:22.72,23.63 1 1
github.com/Alaxay8/routeflux/internal/store/atomic.go:23.63,25.3 1 0
github.com/Alaxay8/routeflux/internal/store/atomic.go:27.2,28.16 2 1
github.com/Alaxay8/routeflux/internal/store/atomic.go:28.16,30.3 1 0
github.com/Alaxay8/routeflux/internal/store/atomic.go:32.2,33.15 2 1
github.com/Alaxay8/routeflux/internal/store/atomic.go:33.15,35.3 1 1
github.com/Alaxay8/routeflux/internal/store/atomic.go:37.2,37.56 1 1
github.com/Alaxay8/routeflux/internal/store/atomic.go:37.56,40.3 2 0
github.com/Alaxay8/routeflux/internal/store/atomic.go:42.2,42.40 1 1
github.com/Alaxay8/routeflux/internal/store/atomic.go:42.40,45.3 2 0
github.com/Alaxay8/routeflux/internal/store/atomic.go:47.2,47.35 1 1
github.com/Alaxay8/routeflux/internal/store/atomic.go:47.35,50.3 2 0
github.com/Alaxay8/routeflux/internal/store/atomic.go:52.2,52.36 1 1
github.com/Alaxay8/routeflux/internal/store/atomic.go:52.36,54.3 1 0
github.com/Alaxay8/routeflux/internal/store/atomic.go:56.2,56.49 1 1
github.com/Alaxay8/routeflux/internal/store/atomic.go:56.49,58.3 1 0
github.com/Alaxay8/routeflux/internal/store/atomic.go:60.2,60.12 1 1
github.com/Alaxay8/routeflux/internal/store/files.go:14.34,21.2 1 1
github.com/Alaxay8/routeflux/internal/store/settings.go:11.66,13.2 1 1
github.com/Alaxay8/routeflux/internal/store/settings.go:16.61,18.70 2 1
github.com/Alaxay8/routeflux/internal/store/settings.go:18.70,19.37 1 0
github.com/Alaxay8/routeflux/internal/store/settings.go:19.37,21.4 1 0
github.com/Alaxay8/routeflux/internal/store/settings.go:22.3,22.32 1 0
github.com/Alaxay8/routeflux/internal/store/settings.go:25.2,25.22 1 1
github.com/Alaxay8/routeflux/internal/store/state.go:12.64,14.2 1 1
github.com/Alaxay8/routeflux/internal/store/state.go:17.62,19.64 2 1
github.com/Alaxay8/routeflux/internal/store/state.go:19.64,20.37 1 0
github.com/Alaxay8/routeflux/internal/store/state.go:20.37,22.4 1 0
github.com/Alaxay8/routeflux/internal/store/state.go:23.3,23.36 1 0
github.com/Alaxay8/routeflux/internal/store/state.go:26.2,26.32 1 1
github.com/Alaxay8/routeflux/internal/store/state.go:26.32,28.3 1 1
github.com/Alaxay8/routeflux/internal/store/state.go:29.2,29.25 1 1
github.com/Alaxay8/routeflux/internal/store/state.go:29.25,31.3 1 1
github.com/Alaxay8/routeflux/internal/store/state.go:33.2,33.19 1 1
github.com/Alaxay8/routeflux/internal/store/subscriptions.go:18.43,20.2 1 1
github.com/Alaxay8/routeflux/internal/store/subscriptions.go:23.82,25.2 1 1
github.com/Alaxay8/routeflux/internal/store/subscriptions.go:28.72,30.80 2 1
github.com/Alaxay8/routeflux/internal/store/subscriptions.go:30.80,31.37 1 0
github.com/Alaxay8/routeflux/internal/store/subscriptions.go:31.37,33.4 1 0
github.com/Alaxay8/routeflux/internal/store/subscriptions.go:34.3,34.18 1 0
github.com/Alaxay8/routeflux/internal/store/subscriptions.go:37.2,37.26 1 1
github.com/Alaxay8/routeflux/internal/store/subscriptions.go:37.26,39.3 1 0
github.com/Alaxay8/routeflux/internal/store/subscriptions.go:41.2,41.27 1 1
github.com/Alaxay8/routeflux/internal/store/subscriptions.go:44.50,46.16 2 1
github.com/Alaxay8/routeflux/internal/store/subscriptions.go:46.16,48.3 1 0
github.com/Alaxay8/routeflux/internal/store/subscriptions.go:50.2,50.53 1 1
github.com/Alaxay8/routeflux/internal/store/subscriptions.go:50.53,52.3 1 0
github.com/Alaxay8/routeflux/internal/store/subscriptions.go:54.2,54.12 1 1
