mode: set
github.com/Alaxay8/routeflux/internal/parser/base64.go:9.56,20.36 4 1
github.com/Alaxay8/routeflux/internal/parser/base64.go:20.36,22.17 2 1
github.com/Alaxay8/routeflux/internal/parser/base64.go:22.17,24.4 1 1
github.com/Alaxay8/routeflux/internal/parser/base64.go:27.2,27.53 1 0
github.com/Alaxay8/routeflux/internal/parser/detect.go:7.36,13.2 2 1
github.com/Alaxay8/routeflux/internal/parser/detect.go:15.48,17.55 2 1
github.com/Alaxay8/routeflux/internal/parser/detect.go:17.55,19.3 1 1
github.com/Alaxay8/routeflux/internal/parser/detect.go:21.2,21.29 1 1
github.com/Alaxay8/routeflux/internal/parser/detect.go:21.29,22.10 1 1
github.com/Alaxay8/routeflux/internal/parser/detect.go:23.31,23.31 0 1
github.com/Alaxay8/routeflux/internal/parser/detect.go:24.31,24.31 0 1
github.com/Alaxay8/routeflux/internal/parser/detect.go:25.31,25.31 0 1
github.com/Alaxay8/routeflux/internal/parser/detect.go:26.64,26.64 0 0
github.com/Alaxay8/routeflux/internal/parser/detect.go:27.11,28.16 1 1
github.com/Alaxay8/routeflux/internal/parser/detect.go:32.2,32.13 1 1
github.com/Alaxay8/routeflux/internal/parser/mixed.go:11.64,13.19 2 1
github.com/Alaxay8/routeflux/internal/parser/mixed.go:13.19,15.3 1 0
github.com/Alaxay8/routeflux/internal/parser/mixed.go:17.2,17.37 1 1
github.com/Alaxay8/routeflux/internal/parser/mixed.go:17.37,19.53 2 1
github.com/Alaxay8/routeflux/internal/parser/mixed.go:19.53,21.4 1 1
github.com/Alaxay8/routeflux/internal/parser/mixed.go:24.2,24.61 1 1
github.com/Alaxay8/routeflux/internal/parser/mixed.go:24.61,26.17 2 1
github.com/Alaxay8/routeflux/internal/parser/mixed.go:26.17,28.4 1 0
github.com/Alaxay8/routeflux/internal/parser/mixed.go:29.3,29.34 1 1
github.com/Alaxay8/routeflux/internal/parser/mixed.go:32.2,34.29 3 1
github.com/Alaxay8/routeflux/internal/parser/mixed.go:34.29,36.49 2 1
github.com/Alaxay8/routeflux/internal/parser/mixed.go:36.49,37.12 1 1
github.com/Alaxay8/routeflux/internal/parser/mixed.go:40.3,41.17 2 1
github.com/Alaxay8/routeflux/internal/parser/mixed.go:41.17,43.4 1 1
github.com/Alaxay8/routeflux/internal/parser/mixed.go:45.3,45.30 1 1
github.com/Alaxay8/routeflux/internal/parser/mixed.go:48.2,48.21 1 1
github.com/Alaxay8/routeflux/internal/parser/mixed.go:48.21,50.3 1 0
github.com/Alaxay8/routeflux/internal/parser/mixed.go:52.2,52.19 1 1
github.com/Alaxay8/routeflux/internal/parser/mixed.go:55.66,56.9 1 1
github.com/Alaxay8/routeflux/internal/parser/mixed.go:57.60,58.36 1 1
github.com/Alaxay8/routeflux/internal/parser/mixed.go:59.60,60.36 1 1
github.com/Alaxay8/routeflux/internal/parser/mixed.go:61.61,62.37 1 1
github.com/Alaxay8/routeflux/internal/parser/mixed.go:63.57,64.42 1 0
github.com/Alaxay8/routeflux/internal/parser/mixed.go:65.10,66.69 1 1
github.com/Alaxay8/routeflux/internal/parser/normalize.go:10.76,15.21 5 1
github.com/Alaxay8/routeflux/internal/parser/normalize.go:15.21,17.3 1 0
github.com/Alaxay8/routeflux/internal/parser/normalize.go:18.2,18.23 1 1
github.com/Alaxay8/routeflux/internal/parser/normalize.go:18.23,20.3 1 0
github.com/Alaxay8/routeflux/internal/parser/normalize.go:21.2,21.26 1 1
github.com/Alaxay8/routeflux/internal/parser/normalize.go:21.26,23.3 1 0
github.com/Alaxay8/routeflux/internal/parser/normalize.go:24.2,24.24 1 1
github.com/Alaxay8/routeflux/internal/parser/normalize.go:24.24,26.3 1 0
github.com/Alaxay8/routeflux/internal/parser/normalize.go:28.2,28.23 1 1
github.com/Alaxay8/routeflux/internal/parser/normalize.go:29.50,30.22 1 1
github.com/Alaxay8/routeflux/internal/parser/normalize.go:30.22,32.4 1 0
github.com/Alaxay8/routeflux/internal/parser/normalize.go:33.57,34.26 1 1
github.com/Alaxay8/routeflux/internal/parser/normalize.go:34.26,36.4 1 0
github.com/Alaxay8/routeflux/internal/parser/normalize.go:37.10,38.77 1 0
github.com/Alaxay8/routeflux/internal/parser/normalize.go:41.2,41.24 1 1
github.com/Alaxay8/routeflux/internal/parser/normalize.go:41.24,43.3 1 0
github.com/Alaxay8/routeflux/internal/parser/normalize.go:44.2,44.20 1 1
github.com/Alaxay8/routeflux/internal/parser/normalize.go:44.20,46.3 1 0
github.com/Alaxay8/routeflux/internal/parser/normalize.go:48.2,49.18 2 1
github.com/Alaxay8/routeflux/internal/parser/normalize.go:52.36,54.15 2 1
github.com/Alaxay8/routeflux/internal/parser/normalize.go:54.15,56.3 1 1
github.com/Alaxay8/routeflux/internal/parser/normalize.go:58.2,60.29 3 1
github.com/Alaxay8/routeflux/internal/parser/normalize.go:60.29,62.17 2 1
github.com/Alaxay8/routeflux/internal/parser/normalize.go:62.17,63.12 1 0
github.com/Alaxay8/routeflux/internal/parser/normalize.go:65.3,65.26 1 1
github.com/Alaxay8/routeflux/internal/parser/normalize.go:68.2,68.19 1 1
github.com/Alaxay8/routeflux/internal/parser/normalize.go:68.19,70.3 1 0
github.com/Alaxay8/routeflux/internal/parser/normalize.go:72.2,72.12 1 1
github.com/Alaxay8/routeflux/internal/parser/trojan.go:14.61,16.16 2 1
github.com/Alaxay8/routeflux/internal/parser/trojan.go:16.16,18.3 1 0
github.com/Alaxay8/routeflux/internal/parser/trojan.go:20.2,21.16 2 1
github.com/Alaxay8/routeflux/internal/parser/trojan.go:21.16,23.3 1 0
github.com/Alaxay8/routeflux/internal/parser/trojan.go:25.2,45.38 3 1
github.com/Alaxay8/routeflux/internal/parser/trojan.go:49.66,52.50 3 0
github.com/Alaxay8/routeflux/internal/parser/trojan.go:52.50,55.3 2 0
github.com/Alaxay8/routeflux/internal/parser/trojan.go:57.2,58.16 2 0
github.com/Alaxay8/routeflux/internal/parser/trojan.go:58.16,60.3 1 0
github.com/Alaxay8/routeflux/internal/parser/trojan.go:62.2,63.21 2 0
github.com/Alaxay8/routeflux/internal/parser/trojan.go:63.21,65.3 1 0
github.com/Alaxay8/routeflux/internal/parser/trojan.go:67.2,68.25 2 0
github.com/Alaxay8/routeflux/internal/parser/trojan.go:68.25,70.3 1 0
github.com/Alaxay8/routeflux/internal/parser/trojan.go:72.2,73.9 2 0
github.com/Alaxay8/routeflux/internal/parser/trojan.go:73.9,75.3 1 0
github.com/Alaxay8/routeflux/internal/parser/trojan.go:77.2,78.16 2 0
github.com/Alaxay8/routeflux/internal/parser/trojan.go:78.16,80.3 1 0
github.com/Alaxay8/routeflux/internal/parser/trojan.go:82.2,92.38 2 0
github.com/Alaxay8/routeflux/internal/parser/trojan.go:95.62,96.66 1 0
github.com/Alaxay8/routeflux/internal/parser/trojan.go:96.66,98.3 1 0
github.com/Alaxay8/routeflux/internal/parser/trojan.go:100.2,101.16 2 0
github.com/Alaxay8/routeflux/internal/parser/trojan.go:101.16,103.3 1 0
github.com/Alaxay8/routeflux/internal/parser/trojan.go:105.2,106.16 2 0
github.com/Alaxay8/routeflux/internal/parser/trojan.go:106.16,108.3 1 0
github.com/Alaxay8/routeflux/internal/parser/trojan.go:110.2,110.62 1 0
github.com/Alaxay8/routeflux/internal/parser/trojan.go:113.46,114.24 1 1
github.com/Alaxay8/routeflux/internal/parser/trojan.go:114.24,116.3 1 0
github.com/Alaxay8/routeflux/internal/parser/trojan.go:118.2,118.48 1 1
github.com/Alaxay8/routeflux/internal/parser/trojan.go:118.48,120.3 1 0
github.com/Alaxay8/routeflux/internal/parser/trojan.go:122.2,122.31 1 1
github.com/Alaxay8/routeflux/internal/parser/trojan.go:125.45,126.31 1 1
github.com/Alaxay8/routeflux/internal/parser/trojan.go:126.31,127.37 1 1
github.com/Alaxay8/routeflux/internal/parser/trojan.go:127.37,129.4 1 1
github.com/Alaxay8/routeflux/internal/parser/trojan.go:132.2,132.11 1 1
github.com/Alaxay8/routeflux/internal/parser/vless.go:12.60,14.16 2 1
github.com/Alaxay8/routeflux/internal/parser/vless.go:14.16,16.3 1 0
github.com/Alaxay8/routeflux/internal/parser/vless.go:18.2,19.16 2 1
github.com/Alaxay8/routeflux/internal/parser/vless.go:19.16,21.3 1 0
github.com/Alaxay8/routeflux/internal/parser/vless.go:23.2,48.38 3 1
github.com/Alaxay8/routeflux/internal/parser/vmess.go:33.60,36.16 3 1
github.com/Alaxay8/routeflux/internal/parser/vmess.go:36.16,38.3 1 0
github.com/Alaxay8/routeflux/internal/parser/vmess.go:40.2,41.16 2 1
github.com/Alaxay8/routeflux/internal/parser/vmess.go:41.16,43.3 1 0
github.com/Alaxay8/routeflux/internal/parser/vmess.go:45.2,68.38 2 1
github.com/Alaxay8/routeflux/internal/parser/vmess.go:71.63,74.16 3 1
github.com/Alaxay8/routeflux/internal/parser/vmess.go:74.16,76.17 2 0
github.com/Alaxay8/routeflux/internal/parser/vmess.go:76.17,78.4 1 0
github.com/Alaxay8/routeflux/internal/parser/vmess.go:81.2,82.58 2 1
github.com/Alaxay8/routeflux/internal/parser/vmess.go:82.58,84.3 1 0
github.com/Alaxay8/routeflux/internal/parser/vmess.go:86.2,86.21 1 1
