mode: set
github.com/Alaxay8/routeflux/internal/probe/anti_flap.go:19.41,26.2 1 1
github.com/Alaxay8/routeflux/internal/probe/anti_flap.go:29.120,30.50 1 1
github.com/Alaxay8/routeflux/internal/probe/anti_flap.go:30.50,32.3 1 0
github.com/Alaxay8/routeflux/internal/probe/anti_flap.go:34.2,34.26 1 1
github.com/Alaxay8/routeflux/internal/probe/anti_flap.go:34.26,36.3 1 0
github.com/Alaxay8/routeflux/internal/probe/anti_flap.go:38.2,38.80 1 1
github.com/Alaxay8/routeflux/internal/probe/anti_flap.go:38.80,40.3 1 1
github.com/Alaxay8/routeflux/internal/probe/anti_flap.go:42.2,42.43 1 1
github.com/Alaxay8/routeflux/internal/probe/anti_flap.go:42.43,44.3 1 1
github.com/Alaxay8/routeflux/internal/probe/anti_flap.go:46.2,47.25 2 1
github.com/Alaxay8/routeflux/internal/probe/anti_flap.go:47.25,49.3 1 0
github.com/Alaxay8/routeflux/internal/probe/anti_flap.go:50.2,51.27 2 1
github.com/Alaxay8/routeflux/internal/probe/anti_flap.go:51.27,53.3 1 0
github.com/Alaxay8/routeflux/internal/probe/anti_flap.go:55.2,57.63 1 1
github.com/Alaxay8/routeflux/internal/probe/anti_flap.go:57.63,59.3 1 0
github.com/Alaxay8/routeflux/internal/probe/anti_flap.go:61.2,61.90 1 1
github.com/Alaxay8/routeflux/internal/probe/anti_flap.go:61.90,63.3 1 1
github.com/Alaxay8/routeflux/internal/probe/anti_flap.go:65.2,65.41 1 0
github.com/Alaxay8/routeflux/internal/probe/health.go:10.145,15.13 4 0
github.com/Alaxay8/routeflux/internal/probe/health.go:15.13,21.45 6 0
github.com/Alaxay8/routeflux/internal/probe/health.go:21.45,23.4 1 0
github.com/Alaxay8/routeflux/internal/probe/health.go:23.9,26.4 2 0
github.com/Alaxay8/routeflux/internal/probe/health.go:27.3,27.17 1 0
github.com/Alaxay8/routeflux/internal/probe/health.go:30.2,35.44 6 0
github.com/Alaxay8/routeflux/internal/probe/health.go:35.44,37.3 1 0
github.com/Alaxay8/routeflux/internal/probe/health.go:39.2,39.16 1 0
github.com/Alaxay8/routeflux/internal/probe/latency.go:19.73,21.18 2 0
github.com/Alaxay8/routeflux/internal/probe/latency.go:21.18,23.3 1 0
github.com/Alaxay8/routeflux/internal/probe/latency.go:25.2,26.16 2 0
github.com/Alaxay8/routeflux/internal/probe/latency.go:26.16,28.3 1 0
github.com/Alaxay8/routeflux/internal/probe/latency.go:30.2,33.16 4 0
github.com/Alaxay8/routeflux/internal/probe/latency.go:33.16,41.3 1 0
github.com/Alaxay8/routeflux/internal/probe/latency.go:42.2,49.3 2 0
github.com/Alaxay8/routeflux/internal/probe/selector.go:23.39,33.2 1 1
github.com/Alaxay8/routeflux/internal/probe/selector.go:36.83,40.18 4 1
github.com/Alaxay8/routeflux/internal/probe/selector.go:40.18,42.3 1 1
github.com/Alaxay8/routeflux/internal/probe/selector.go:43.2,43.18 1 1
github.com/Alaxay8/routeflux/internal/probe/selector.go:43.18,45.3 1 0
github.com/Alaxay8/routeflux/internal/probe/selector.go:47.2,47.20 1 1
github.com/Alaxay8/routeflux/internal/probe/selector.go:47.20,52.3 4 1
github.com/Alaxay8/routeflux/internal/probe/selector.go:52.8,57.3 4 1
github.com/Alaxay8/routeflux/internal/probe/selector.go:59.2,64.3 1 1
github.com/Alaxay8/routeflux/internal/probe/selector.go:68.137,69.21 1 0
github.com/Alaxay8/routeflux/internal/probe/selector.go:69.21,71.3 1 0
github.com/Alaxay8/routeflux/internal/probe/selector.go:73.2,79.29 3 0
github.com/Alaxay8/routeflux/internal/probe/selector.go:79.29,84.3 4 0
github.com/Alaxay8/routeflux/internal/probe/selector.go:86.2,86.51 1 0
github.com/Alaxay8/routeflux/internal/probe/selector.go:86.51,88.3 1 0
github.com/Alaxay8/routeflux/internal/probe/selector.go:90.2,92.36 3 0
