mode: set
github.com/Alaxay8/routeflux/internal/backend/xray/generator.go:15.31,17.2 1 1
github.com/Alaxay8/routeflux/internal/backend/xray/generator.go:20.70,22.16 2 1
github.com/Alaxay8/routeflux/internal/backend/xray/generator.go:22.16,24.3 1 0
github.com/Alaxay8/routeflux/internal/backend/xray/generator.go:26.2,27.16 2 1
github.com/Alaxay8/routeflux/internal/backend/xray/generator.go:27.16,29.3 1 0
github.com/Alaxay8/routeflux/internal/backend/xray/generator.go:30.2,66.16 4 1
github.com/Alaxay8/routeflux/internal/backend/xray/generator.go:66.16,68.3 1 0
github.com/Alaxay8/routeflux/internal/backend/xray/generator.go:70.2,70.22 1 1
github.com/Alaxay8/routeflux/internal/backend/xray/generator.go:73.80,74.29 1 1
github.com/Alaxay8/routeflux/internal/backend/xray/generator.go:74.29,75.28 1 1
github.com/Alaxay8/routeflux/internal/backend/xray/generator.go:75.28,77.4 1 1
github.com/Alaxay8/routeflux/internal/backend/xray/generator.go:80.2,80.76 1 0
github.com/Alaxay8/routeflux/internal/backend/xray/generator.go:83.42,84.13 1 1
github.com/Alaxay8/routeflux/internal/backend/xray/generator.go:84.13,86.3 1 1
github.com/Alaxay8/routeflux/internal/backend/xray/generator.go:87.2,87.17 1 0
github.com/Alaxay8/routeflux/internal/backend/xray/generator.go:90.45,91.31 1 1
github.com/Alaxay8/routeflux/internal/backend/xray/generator.go:91.31,92.18 1 1
github.com/Alaxay8/routeflux/internal/backend/xray/generator.go:92.18,94.4 1 1
github.com/Alaxay8/routeflux/internal/backend/xray/generator.go:96.2,96.11 1 0
github.com/Alaxay8/routeflux/internal/backend/xray/generator.go:99.68,101.26 2 1
github.com/Alaxay8/routeflux/internal/backend/xray/generator.go:101.26,103.3 1 1
github.com/Alaxay8/routeflux/internal/backend/xray/generator.go:104.2,104.25 1 1
github.com/Alaxay8/routeflux/internal/backend/xray/generator.go:104.25,106.3 1 1
github.com/Alaxay8/routeflux/internal/backend/xray/generator.go:108.2,108.23 1 1
github.com/Alaxay8/routeflux/internal/backend/xray/generator.go:109.13,111.28 2 0
github.com/Alaxay8/routeflux/internal/backend/xray/generator.go:111.28,113.4 1 0
github.com/Alaxay8/routeflux/internal/backend/xray/generator.go:114.3,114.25 1 0
github.com/Alaxay8/routeflux/internal/backend/xray/generator.go:114.25,116.4 1 0
github.com/Alaxay8/routeflux/internal/backend/xray/generator.go:117.3,117.29 1 0
github.com/Alaxay8/routeflux/internal/backend/xray/generator.go:117.29,119.4 1 0
github.com/Alaxay8/routeflux/internal/backend/xray/generator.go:120.3,120.19 1 0
github.com/Alaxay8/routeflux/internal/backend/xray/generator.go:120.19,122.4 1 0
github.com/Alaxay8/routeflux/internal/backend/xray/generator.go:123.17,129.4 1 1
github.com/Alaxay8/routeflux/internal/backend/xray/generator.go:132.2,132.24 1 1
github.com/Alaxay8/routeflux/internal/backend/xray/generator.go:133.12,137.4 1 1
github.com/Alaxay8/routeflux/internal/backend/xray/generator.go:138.14,141.4 1 0
github.com/Alaxay8/routeflux/internal/backend/xray/generator.go:144.2,144.23 1 1
github.com/Alaxay8/routeflux/internal/backend/xray/generator.go:145.28,164.9 1 1
github.com/Alaxay8/routeflux/internal/backend/xray/generator.go:165.28,184.9 1 0
github.com/Alaxay8/routeflux/internal/backend/xray/generator.go:185.29,198.9 1 0
github.com/Alaxay8/routeflux/internal/backend/xray/generator.go:199.10,200.84 1 0
github.com/Alaxay8/routeflux/internal/backend/xray/service.go:17.59,19.2 1 0
github.com/Alaxay8/routeflux/internal/backend/xray/service.go:22.58,24.2 1 0
github.com/Alaxay8/routeflux/internal/backend/xray/service.go:27.60,29.2 1 0
github.com/Alaxay8/routeflux/internal/backend/xray/service.go:32.85,35.16 3 0
github.com/Alaxay8/routeflux/internal/backend/xray/service.go:35.16,39.3 3 0
github.com/Alaxay8/routeflux/internal/backend/xray/service.go:41.2,43.20 3 0
github.com/Alaxay8/routeflux/internal/backend/xray/service.go:46.72,47.24 1 0
github.com/Alaxay8/routeflux/internal/backend/xray/service.go:47.24,49.3 1 0
github.com/Alaxay8/routeflux/internal/backend/xray/service.go:51.2,52.53 2 0
github.com/Alaxay8/routeflux/internal/backend/xray/service.go:52.53,54.3 1 0
github.com/Alaxay8/routeflux/internal/backend/xray/service.go:56.2,56.12 1 0
github.com/Alaxay8/routeflux/internal/backend/xray/writer.go:17.46,18.69 1 0
github.com/Alaxay8/routeflux/internal/backend/xray/writer.go:18.69,20.3 1 0
github.com/Alaxay8/routeflux/internal/backend/xray/writer.go:21.2,21.12 1 0
github.com/Alaxay8/routeflux/internal/backend/xray/writer.go:26.48,28.2 1 0
github.com/Alaxay8/routeflux/internal/backend/xray/writer.go:38.96,44.2 1 0
github.com/Alaxay8/routeflux/internal/backend/xray/writer.go:47.83,49.2 1 0
github.com/Alaxay8/routeflux/internal/backend/xray/writer.go:52.91,54.16 2 0
github.com/Alaxay8/routeflux/internal/backend/xray/writer.go:54.16,56.3 1 0
github.com/Alaxay8/routeflux/internal/backend/xray/writer.go:57.2,57.49 1 0
github.com/Alaxay8/routeflux/internal/backend/xray/writer.go:57.49,59.3 1 0
github.com/Alaxay8/routeflux/internal/backend/xray/writer.go:60.2,60.25 1 0
github.com/Alaxay8/routeflux/internal/backend/xray/writer.go:60.25,62.3 1 0
github.com/Alaxay8/routeflux/internal/backend/xray/writer.go:63.2,63.12 1 0
github.com/Alaxay8/routeflux/internal/backend/xray/writer.go:67.58,68.25 1 0
github.com/Alaxay8/routeflux/internal/backend/xray/writer.go:68.25,70.3 1 0
github.com/Alaxay8/routeflux/internal/backend/xray/writer.go:71.2,71.32 1 0
github.com/Alaxay8/routeflux/internal/backend/xray/writer.go:75.57,76.25 1 0
github.com/Alaxay8/routeflux/internal/backend/xray/writer.go:76.25,78.3 1 0
github.com/Alaxay8/routeflux/internal/backend/xray/writer.go:79.2,79.31 1 0
github.com/Alaxay8/routeflux/internal/backend/xray/writer.go:83.59,84.25 1 0
github.com/Alaxay8/routeflux/internal/backend/xray/writer.go:84.25,86.3 1 0
github.com/Alaxay8/routeflux/internal/backend/xray/writer.go:87.2,87.33 1 0
github.com/Alaxay8/routeflux/internal/backend/xray/writer.go:91.84,92.25 1 0
github.com/Alaxay8/routeflux/internal/backend/xray/writer.go:92.25,94.3 1 0
github.com/Alaxay8/routeflux/internal/backend/xray/writer.go:95.2,95.33 1 0
